<?xml version="1.0" encoding="UTF-8"?>
<testng-results ignored="0" total="3" passed="1" failed="2" skipped="0">
  <reporter-output>
  </reporter-output>
  <suite started-at="2024-07-17T18:11:54 IST" name="Default suite" finished-at="2024-07-17T18:12:37 IST" duration-ms="43205">
    <groups>
    </groups>
    <test started-at="2024-07-17T18:11:54 IST" name="Default test" finished-at="2024-07-17T18:12:37 IST" duration-ms="43205">
      <class name="TestCases.ContactUsTC">
        <test-method is-config="true" signature="setUpExtentReports()[pri:0, instance:TestCases.ContactUsTC@41dd05a]" started-at="2024-07-17T18:11:54 IST" name="setUpExtentReports" finished-at="2024-07-17T18:11:54 IST" duration-ms="199" status="PASS">
          <reporter-output>
          </reporter-output>
        </test-method> <!-- setUpExtentReports -->
        <test-method is-config="true" signature="setUp()[pri:0, instance:TestCases.ContactUsTC@41dd05a]" started-at="2024-07-17T18:11:54 IST" name="setUp" finished-at="2024-07-17T18:11:56 IST" duration-ms="2406" status="PASS">
          <reporter-output>
          </reporter-output>
        </test-method> <!-- setUp -->
        <test-method signature="testSubmitContactForm(java.lang.String,java.lang.String,java.lang.String,java.lang.String)[pri:1, instance:TestCases.ContactUsTC@41dd05a]" started-at="2024-07-17T18:11:56 IST" name="testSubmitContactForm" data-provider="contactUsData" finished-at="2024-07-17T18:12:17 IST" duration-ms="20251" status="PASS">
          <params>
            <param index="0">
              <value>
                <![CDATA[Lalit Fatehpuriya]]>
              </value>
            </param>
            <param index="1">
              <value>
                <![CDATA[lalitprakash987@gmail.com]]>
              </value>
            </param>
            <param index="2">
              <value>
                <![CDATA[Physics]]>
              </value>
            </param>
            <param index="3">
              <value>
                <![CDATA[Lorem Ipsum is simply dummy text of the printing]]>
              </value>
            </param>
          </params>
          <reporter-output>
          </reporter-output>
        </test-method> <!-- testSubmitContactForm -->
        <test-method is-config="true" signature="onTestCompletion(org.testng.ITestResult)[pri:0, instance:TestCases.ContactUsTC@41dd05a]" started-at="2024-07-17T18:12:17 IST" name="onTestCompletion" finished-at="2024-07-17T18:12:17 IST" duration-ms="4" status="PASS">
          <params>
            <param index="0">
              <value>
                <![CDATA[[TestResult name=testSubmitContactForm status=SUCCESS method=ContactUsTC.testSubmitContactForm(java.lang.String,java.lang.String,java.lang.String,java.lang.String)[pri:1, instance:TestCases.ContactUsTC@41dd05a] output={null}]]]>
              </value>
            </param>
          </params>
          <reporter-output>
          </reporter-output>
        </test-method> <!-- onTestCompletion -->
        <test-method signature="testSubmitContactForm(java.lang.String,java.lang.String,java.lang.String,java.lang.String)[pri:1, instance:TestCases.ContactUsTC@41dd05a]" started-at="2024-07-17T18:12:17 IST" name="testSubmitContactForm" data-provider="contactUsData" finished-at="2024-07-17T18:12:27 IST" duration-ms="10066" status="FAIL">
          <params>
            <param index="0">
              <value>
                <![CDATA[John Doe]]>
              </value>
            </param>
            <param index="1">
              <value>
                <![CDATA[john.doe@example.com]]>
              </value>
            </param>
            <param index="2">
              <value>
                <![CDATA[Math]]>
              </value>
            </param>
            <param index="3">
              <value>
                <![CDATA[Sample message for testing]]>
              </value>
            </param>
          </params>
          <exception class="org.openqa.selenium.ElementNotInteractableException">
            <message>
              <![CDATA[element not interactable
  (Session info: chrome=126.0.6478.128)
Build info: version: '4.22.0', revision: 'c5f3146703'
System info: os.name: 'Windows 10', os.arch: 'amd64', os.version: '10.0', java.version: '22'
Driver info: org.openqa.selenium.chrome.ChromeDriver
Command: [bacff1e4fd3951cd5da3ef723148b885, clickElement {id=f.2A39A4B5976ABA5B2F3132FABCC91B1B.d.797B6E90D21D22768B443E3FDF57604C.e.101}]
Capabilities {acceptInsecureCerts: false, browserName: chrome, browserVersion: 126.0.6478.128, chrome: {chromedriverVersion: 126.0.6478.126 (d36ace6122e..., userDataDir: C:\Windows\SystemTemp\scope...}, fedcm:accounts: true, goog:chromeOptions: {debuggerAddress: localhost:53994}, networkConnectionEnabled: false, pageLoadStrategy: normal, platformName: windows, proxy: Proxy(), se:cdp: ws://localhost:53994/devtoo..., se:cdpVersion: 126.0.6478.128, setWindowRect: true, strictFileInteractability: false, timeouts: {implicit: 0, pageLoad: 300000, script: 30000}, unhandledPromptBehavior: dismiss and notify, webauthn:extension:credBlob: true, webauthn:extension:largeBlob: true, webauthn:extension:minPinLength: true, webauthn:extension:prf: true, webauthn:virtualAuthenticators: true}
Element: [[ChromeDriver: chrome on windows (bacff1e4fd3951cd5da3ef723148b885)] -> id: popup-close]
Session ID: bacff1e4fd3951cd5da3ef723148b885]]>
            </message>
            <full-stacktrace>
              <![CDATA[org.openqa.selenium.ElementNotInteractableException: element not interactable
  (Session info: chrome=126.0.6478.128)
Build info: version: '4.22.0', revision: 'c5f3146703'
System info: os.name: 'Windows 10', os.arch: 'amd64', os.version: '10.0', java.version: '22'
Driver info: org.openqa.selenium.chrome.ChromeDriver
Command: [bacff1e4fd3951cd5da3ef723148b885, clickElement {id=f.2A39A4B5976ABA5B2F3132FABCC91B1B.d.797B6E90D21D22768B443E3FDF57604C.e.101}]
Capabilities {acceptInsecureCerts: false, browserName: chrome, browserVersion: 126.0.6478.128, chrome: {chromedriverVersion: 126.0.6478.126 (d36ace6122e..., userDataDir: C:\Windows\SystemTemp\scope...}, fedcm:accounts: true, goog:chromeOptions: {debuggerAddress: localhost:53994}, networkConnectionEnabled: false, pageLoadStrategy: normal, platformName: windows, proxy: Proxy(), se:cdp: ws://localhost:53994/devtoo..., se:cdpVersion: 126.0.6478.128, setWindowRect: true, strictFileInteractability: false, timeouts: {implicit: 0, pageLoad: 300000, script: 30000}, unhandledPromptBehavior: dismiss and notify, webauthn:extension:credBlob: true, webauthn:extension:largeBlob: true, webauthn:extension:minPinLength: true, webauthn:extension:prf: true, webauthn:virtualAuthenticators: true}
Element: [[ChromeDriver: chrome on windows (bacff1e4fd3951cd5da3ef723148b885)] -> id: popup-close]
Session ID: bacff1e4fd3951cd5da3ef723148b885
at java.base/jdk.internal.reflect.DirectConstructorHandleAccessor.newInstance(DirectConstructorHandleAccessor.java:62)
at java.base/java.lang.reflect.Constructor.newInstanceWithCaller(Constructor.java:502)
at java.base/java.lang.reflect.Constructor.newInstance(Constructor.java:486)
at org.openqa.selenium.remote.ErrorCodec.decode(ErrorCodec.java:167)
at org.openqa.selenium.remote.codec.w3c.W3CHttpResponseCodec.decode(W3CHttpResponseCodec.java:138)
at org.openqa.selenium.remote.codec.w3c.W3CHttpResponseCodec.decode(W3CHttpResponseCodec.java:50)
at org.openqa.selenium.remote.HttpCommandExecutor.execute(HttpCommandExecutor.java:190)
at org.openqa.selenium.remote.service.DriverCommandExecutor.invokeExecute(DriverCommandExecutor.java:216)
at org.openqa.selenium.remote.service.DriverCommandExecutor.execute(DriverCommandExecutor.java:174)
at org.openqa.selenium.remote.RemoteWebDriver.execute(RemoteWebDriver.java:518)
at org.openqa.selenium.remote.RemoteWebElement.execute(RemoteWebElement.java:223)
at org.openqa.selenium.remote.RemoteWebElement.click(RemoteWebElement.java:76)
at Pageobject.ContacUs.ClosePopup(ContacUs.java:18)
at TestCases.ContactUsTC.testSubmitContactForm(ContactUsTC.java:27)
at java.base/jdk.internal.reflect.DirectMethodHandleAccessor.invoke(DirectMethodHandleAccessor.java:103)
at java.base/java.lang.reflect.Method.invoke(Method.java:580)
at org.testng.internal.MethodInvocationHelper.invokeMethod(MethodInvocationHelper.java:133)
at org.testng.internal.TestInvoker.invokeMethod(TestInvoker.java:598)
at org.testng.internal.TestInvoker.invokeTestMethod(TestInvoker.java:173)
at org.testng.internal.MethodRunner.runInSequence(MethodRunner.java:46)
at org.testng.internal.TestInvoker$MethodInvocationAgent.invoke(TestInvoker.java:824)
at org.testng.internal.TestInvoker.invokeTestMethods(TestInvoker.java:146)
at org.testng.internal.TestMethodWorker.invokeTestMethods(TestMethodWorker.java:146)
at org.testng.internal.TestMethodWorker.run(TestMethodWorker.java:128)
at java.base/java.util.ArrayList.forEach(ArrayList.java:1597)
at org.testng.TestRunner.privateRun(TestRunner.java:794)
at org.testng.TestRunner.run(TestRunner.java:596)
at org.testng.SuiteRunner.runTest(SuiteRunner.java:377)
at org.testng.SuiteRunner.runSequentially(SuiteRunner.java:371)
at org.testng.SuiteRunner.privateRun(SuiteRunner.java:332)
at org.testng.SuiteRunner.run(SuiteRunner.java:276)
at org.testng.SuiteRunnerWorker.runSuite(SuiteRunnerWorker.java:53)
at org.testng.SuiteRunnerWorker.run(SuiteRunnerWorker.java:96)
at org.testng.TestNG.runSuitesSequentially(TestNG.java:1212)
at org.testng.TestNG.runSuitesLocally(TestNG.java:1134)
at org.testng.TestNG.runSuites(TestNG.java:1063)
at org.testng.TestNG.run(TestNG.java:1031)
at org.testng.remote.AbstractRemoteTestNG.run(AbstractRemoteTestNG.java:115)
at org.testng.remote.RemoteTestNG.initAndRun(RemoteTestNG.java:293)
at org.testng.remote.RemoteTestNG.main(RemoteTestNG.java:91)
]]>
            </full-stacktrace>
          </exception> <!-- org.openqa.selenium.ElementNotInteractableException -->
          <reporter-output>
          </reporter-output>
        </test-method> <!-- testSubmitContactForm -->
        <test-method is-config="true" signature="onTestCompletion(org.testng.ITestResult)[pri:0, instance:TestCases.ContactUsTC@41dd05a]" started-at="2024-07-17T18:12:27 IST" name="onTestCompletion" finished-at="2024-07-17T18:12:27 IST" duration-ms="191" status="PASS">
          <params>
            <param index="0">
              <value>
                <![CDATA[[TestResult name=testSubmitContactForm status=FAILURE method=ContactUsTC.testSubmitContactForm(java.lang.String,java.lang.String,java.lang.String,java.lang.String)[pri:1, instance:TestCases.ContactUsTC@41dd05a] output={null}]]]>
              </value>
            </param>
          </params>
          <reporter-output>
          </reporter-output>
        </test-method> <!-- onTestCompletion -->
        <test-method signature="testSubmitContactForm(java.lang.String,java.lang.String,java.lang.String,java.lang.String)[pri:1, instance:TestCases.ContactUsTC@41dd05a]" started-at="2024-07-17T18:12:27 IST" name="testSubmitContactForm" data-provider="contactUsData" finished-at="2024-07-17T18:12:37 IST" duration-ms="10050" status="FAIL">
          <params>
            <param index="0">
              <value>
                <![CDATA[Jane Smith]]>
              </value>
            </param>
            <param index="1">
              <value>
                <![CDATA[jane.smith@example.com]]>
              </value>
            </param>
            <param index="2">
              <value>
                <![CDATA[Chemistry]]>
              </value>
            </param>
            <param index="3">
              <value>
                <![CDATA[Another sample message for testing]]>
              </value>
            </param>
          </params>
          <exception class="org.openqa.selenium.ElementNotInteractableException">
            <message>
              <![CDATA[element not interactable
  (Session info: chrome=126.0.6478.128)
Build info: version: '4.22.0', revision: 'c5f3146703'
System info: os.name: 'Windows 10', os.arch: 'amd64', os.version: '10.0', java.version: '22'
Driver info: org.openqa.selenium.chrome.ChromeDriver
Command: [bacff1e4fd3951cd5da3ef723148b885, clickElement {id=f.2A39A4B5976ABA5B2F3132FABCC91B1B.d.797B6E90D21D22768B443E3FDF57604C.e.101}]
Capabilities {acceptInsecureCerts: false, browserName: chrome, browserVersion: 126.0.6478.128, chrome: {chromedriverVersion: 126.0.6478.126 (d36ace6122e..., userDataDir: C:\Windows\SystemTemp\scope...}, fedcm:accounts: true, goog:chromeOptions: {debuggerAddress: localhost:53994}, networkConnectionEnabled: false, pageLoadStrategy: normal, platformName: windows, proxy: Proxy(), se:cdp: ws://localhost:53994/devtoo..., se:cdpVersion: 126.0.6478.128, setWindowRect: true, strictFileInteractability: false, timeouts: {implicit: 0, pageLoad: 300000, script: 30000}, unhandledPromptBehavior: dismiss and notify, webauthn:extension:credBlob: true, webauthn:extension:largeBlob: true, webauthn:extension:minPinLength: true, webauthn:extension:prf: true, webauthn:virtualAuthenticators: true}
Element: [[ChromeDriver: chrome on windows (bacff1e4fd3951cd5da3ef723148b885)] -> id: popup-close]
Session ID: bacff1e4fd3951cd5da3ef723148b885]]>
            </message>
            <full-stacktrace>
              <![CDATA[org.openqa.selenium.ElementNotInteractableException: element not interactable
  (Session info: chrome=126.0.6478.128)
Build info: version: '4.22.0', revision: 'c5f3146703'
System info: os.name: 'Windows 10', os.arch: 'amd64', os.version: '10.0', java.version: '22'
Driver info: org.openqa.selenium.chrome.ChromeDriver
Command: [bacff1e4fd3951cd5da3ef723148b885, clickElement {id=f.2A39A4B5976ABA5B2F3132FABCC91B1B.d.797B6E90D21D22768B443E3FDF57604C.e.101}]
Capabilities {acceptInsecureCerts: false, browserName: chrome, browserVersion: 126.0.6478.128, chrome: {chromedriverVersion: 126.0.6478.126 (d36ace6122e..., userDataDir: C:\Windows\SystemTemp\scope...}, fedcm:accounts: true, goog:chromeOptions: {debuggerAddress: localhost:53994}, networkConnectionEnabled: false, pageLoadStrategy: normal, platformName: windows, proxy: Proxy(), se:cdp: ws://localhost:53994/devtoo..., se:cdpVersion: 126.0.6478.128, setWindowRect: true, strictFileInteractability: false, timeouts: {implicit: 0, pageLoad: 300000, script: 30000}, unhandledPromptBehavior: dismiss and notify, webauthn:extension:credBlob: true, webauthn:extension:largeBlob: true, webauthn:extension:minPinLength: true, webauthn:extension:prf: true, webauthn:virtualAuthenticators: true}
Element: [[ChromeDriver: chrome on windows (bacff1e4fd3951cd5da3ef723148b885)] -> id: popup-close]
Session ID: bacff1e4fd3951cd5da3ef723148b885
at java.base/jdk.internal.reflect.DirectConstructorHandleAccessor.newInstance(DirectConstructorHandleAccessor.java:62)
at java.base/java.lang.reflect.Constructor.newInstanceWithCaller(Constructor.java:502)
at java.base/java.lang.reflect.Constructor.newInstance(Constructor.java:486)
at org.openqa.selenium.remote.ErrorCodec.decode(ErrorCodec.java:167)
at org.openqa.selenium.remote.codec.w3c.W3CHttpResponseCodec.decode(W3CHttpResponseCodec.java:138)
at org.openqa.selenium.remote.codec.w3c.W3CHttpResponseCodec.decode(W3CHttpResponseCodec.java:50)
at org.openqa.selenium.remote.HttpCommandExecutor.execute(HttpCommandExecutor.java:190)
at org.openqa.selenium.remote.service.DriverCommandExecutor.invokeExecute(DriverCommandExecutor.java:216)
at org.openqa.selenium.remote.service.DriverCommandExecutor.execute(DriverCommandExecutor.java:174)
at org.openqa.selenium.remote.RemoteWebDriver.execute(RemoteWebDriver.java:518)
at org.openqa.selenium.remote.RemoteWebElement.execute(RemoteWebElement.java:223)
at org.openqa.selenium.remote.RemoteWebElement.click(RemoteWebElement.java:76)
at Pageobject.ContacUs.ClosePopup(ContacUs.java:18)
at TestCases.ContactUsTC.testSubmitContactForm(ContactUsTC.java:27)
at java.base/jdk.internal.reflect.DirectMethodHandleAccessor.invoke(DirectMethodHandleAccessor.java:103)
at java.base/java.lang.reflect.Method.invoke(Method.java:580)
at org.testng.internal.MethodInvocationHelper.invokeMethod(MethodInvocationHelper.java:133)
at org.testng.internal.TestInvoker.invokeMethod(TestInvoker.java:598)
at org.testng.internal.TestInvoker.invokeTestMethod(TestInvoker.java:173)
at org.testng.internal.MethodRunner.runInSequence(MethodRunner.java:46)
at org.testng.internal.TestInvoker$MethodInvocationAgent.invoke(TestInvoker.java:824)
at org.testng.internal.TestInvoker.invokeTestMethods(TestInvoker.java:146)
at org.testng.internal.TestMethodWorker.invokeTestMethods(TestMethodWorker.java:146)
at org.testng.internal.TestMethodWorker.run(TestMethodWorker.java:128)
at java.base/java.util.ArrayList.forEach(ArrayList.java:1597)
at org.testng.TestRunner.privateRun(TestRunner.java:794)
at org.testng.TestRunner.run(TestRunner.java:596)
at org.testng.SuiteRunner.runTest(SuiteRunner.java:377)
at org.testng.SuiteRunner.runSequentially(SuiteRunner.java:371)
at org.testng.SuiteRunner.privateRun(SuiteRunner.java:332)
at org.testng.SuiteRunner.run(SuiteRunner.java:276)
at org.testng.SuiteRunnerWorker.runSuite(SuiteRunnerWorker.java:53)
at org.testng.SuiteRunnerWorker.run(SuiteRunnerWorker.java:96)
at org.testng.TestNG.runSuitesSequentially(TestNG.java:1212)
at org.testng.TestNG.runSuitesLocally(TestNG.java:1134)
at org.testng.TestNG.runSuites(TestNG.java:1063)
at org.testng.TestNG.run(TestNG.java:1031)
at org.testng.remote.AbstractRemoteTestNG.run(AbstractRemoteTestNG.java:115)
at org.testng.remote.RemoteTestNG.initAndRun(RemoteTestNG.java:293)
at org.testng.remote.RemoteTestNG.main(RemoteTestNG.java:91)
]]>
            </full-stacktrace>
          </exception> <!-- org.openqa.selenium.ElementNotInteractableException -->
          <reporter-output>
          </reporter-output>
        </test-method> <!-- testSubmitContactForm -->
        <test-method is-config="true" signature="onTestCompletion(org.testng.ITestResult)[pri:0, instance:TestCases.ContactUsTC@41dd05a]" started-at="2024-07-17T18:12:37 IST" name="onTestCompletion" finished-at="2024-07-17T18:12:37 IST" duration-ms="185" status="PASS">
          <params>
            <param index="0">
              <value>
                <![CDATA[[TestResult name=testSubmitContactForm status=FAILURE method=ContactUsTC.testSubmitContactForm(java.lang.String,java.lang.String,java.lang.String,java.lang.String)[pri:1, instance:TestCases.ContactUsTC@41dd05a] output={null}]]]>
              </value>
            </param>
          </params>
          <reporter-output>
          </reporter-output>
        </test-method> <!-- onTestCompletion -->
        <test-method is-config="true" signature="tearDown()[pri:0, instance:TestCases.ContactUsTC@41dd05a]" started-at="2024-07-17T18:12:37 IST" name="tearDown" finished-at="2024-07-17T18:12:37 IST" duration-ms="0" status="PASS">
          <reporter-output>
          </reporter-output>
        </test-method> <!-- tearDown -->
        <test-method is-config="true" signature="tearDownExtentReports()[pri:0, instance:TestCases.ContactUsTC@41dd05a]" started-at="2024-07-17T18:12:38 IST" name="tearDownExtentReports" finished-at="2024-07-17T18:12:38 IST" duration-ms="91" status="PASS">
          <reporter-output>
          </reporter-output>
        </test-method> <!-- tearDownExtentReports -->
      </class> <!-- TestCases.ContactUsTC -->
    </test> <!-- Default test -->
  </suite> <!-- Default suite -->
</testng-results>
